#
# There is insufficient memory for the Java Runtime Environment to continue.
# Native memory allocation (malloc) failed to allocate 1048576 bytes for AllocateHeap
# Possible reasons:
#   The system is out of physical RAM or swap space
#   In 32 bit mode, the process size limit was hit
# Possible solutions:
#   Reduce memory load on the system
#   Increase physical memory or swap space
#   Check if swap backing store is full
#   Use 64 bit Java on a 64 bit OS
#   Decrease Java heap size (-Xmx/-Xms)
#   Decrease number of Java threads
#   Decrease Java thread stack sizes (-Xss)
#   Set larger code cache with -XX:ReservedCodeCacheSize=
# This output file may be truncated or incomplete.
#
#  Out of Memory Error (memory/allocation.inline.hpp:61), pid=1084, tid=0x00000000000029a0
#
# JRE version:  (8.0_141-b15) (build )
# Java VM: Java HotSpot(TM) 64-Bit Server VM (25.141-b15 mixed mode windows-amd64 compressed oops)
# Failed to write core dump. Minidumps are not enabled by default on client versions of Windows
#

---------------  T H R E A D  ---------------

Current thread (0x000000000542e000):  JavaThread "Unknown thread" [_thread_in_vm, id=10656, stack(0x00000000052c0000,0x00000000053c0000)]

Stack: [0x00000000052c0000,0x00000000053c0000]
[error occurred during error reporting (printing stack bounds), id 0xc0000005]

Native frames: (J=compiled Java code, j=interpreted, Vv=VM code, C=native code)


---------------  P R O C E S S  ---------------

Java Threads: ( => current thread )

Other Threads:

=>0x000000000542e000 (exited) JavaThread "Unknown thread" [_thread_in_vm, id=10656, stack(0x00000000052c0000,0x00000000053c0000)]

VM state:not at safepoint (normal execution)

VM Mutex/Monitor currently owned by a thread: None

Heap:
 PSYoungGen      total 38400K, used 665K [0x00000000d5d80000, 0x00000000d8800000, 0x0000000100000000)
  eden space 33280K, 2% used [0x00000000d5d80000,0x00000000d5e26670,0x00000000d7e00000)
  from space 5120K, 0% used [0x00000000d8300000,0x00000000d8300000,0x00000000d8800000)
  to   space 5120K, 0% used [0x00000000d7e00000,0x00000000d7e00000,0x00000000d8300000)
 ParOldGen       total 87552K, used 0K [0x0000000081800000, 0x0000000086d80000, 0x00000000d5d80000)
  object space 87552K, 0% used [0x0000000081800000,0x0000000081800000,0x0000000086d80000)
 Metaspace       used 770K, capacity 4480K, committed 4480K, reserved 1056768K
  class space    used 75K, capacity 384K, committed 384K, reserved 1048576K

Card table byte_map: [0x00000000149f0000,0x0000000014df0000] byte_map_base: 0x00000000145e4000

Marking Bits: (ParMarkBitMap*) 0x00000000733fd850
 Begin Bits: [0x00000000154a0000, 0x0000000017440000)
 End Bits:   [0x0000000017440000, 0x00000000193e0000)

Polling page: 0x0000000003200000

CodeCache: size=245760Kb used=328Kb max_used=328Kb free=245431Kb
 bounds [0x0000000005630000, 0x00000000058a0000, 0x0000000014630000]
 total_blobs=58 nmethods=0 adapters=38
 compilation: enabled

Compilation events (0 events):
No events

GC Heap History (0 events):
No events

Deoptimization events (0 events):
No events

Internal exceptions (0 events):
No events

Events (10 events):
Event: 0.124 loading class java/lang/Short
Event: 0.124 loading class java/lang/Short done
Event: 0.124 loading class java/lang/Integer
Event: 0.124 loading class java/lang/Integer done
Event: 0.124 loading class java/lang/Long
Event: 0.124 loading class java/lang/Long done
Event: 0.125 loading class java/lang/NullPointerException
Event: 0.126 loading class java/lang/NullPointerException done
Event: 0.126 loading class java/lang/ArithmeticException
Event: 0.126 loading class java/lang/ArithmeticException done


Dynamic libraries:
0x00007ff781570000 - 0x00007ff7815a7000 	E:\jdk1.8.0_141\bin\java.exe
0x00007ff9051d0000 - 0x00007ff9053b0000 	C:\WINDOWS\SYSTEM32\ntdll.dll
0x00007ff903940000 - 0x00007ff9039ee000 	C:\WINDOWS\System32\KERNEL32.DLL
0x00007ff9016a0000 - 0x00007ff901906000 	C:\WINDOWS\System32\KERNELBASE.dll
0x00007ff902e00000 - 0x00007ff902ea1000 	C:\WINDOWS\System32\ADVAPI32.dll
0x00007ff903c20000 - 0x00007ff903cbd000 	C:\WINDOWS\System32\msvcrt.dll
0x00007ff903bb0000 - 0x00007ff903c0b000 	C:\WINDOWS\System32\sechost.dll
0x00007ff903300000 - 0x00007ff90341f000 	C:\WINDOWS\System32\RPCRT4.dll
0x00007ff903530000 - 0x00007ff9036bf000 	C:\WINDOWS\System32\USER32.dll
0x00007ff9025d0000 - 0x00007ff9025f0000 	C:\WINDOWS\System32\win32u.dll
0x00007ff902790000 - 0x00007ff9027b8000 	C:\WINDOWS\System32\GDI32.dll
0x00007ff902390000 - 0x00007ff902523000 	C:\WINDOWS\System32\gdi32full.dll
0x00007ff902530000 - 0x00007ff9025cb000 	C:\WINDOWS\System32\msvcp_win.dll
0x00007ff902290000 - 0x00007ff902386000 	C:\WINDOWS\System32\ucrtbase.dll
0x00007ff8f6200000 - 0x00007ff8f6469000 	C:\WINDOWS\WinSxS\amd64_microsoft.windows.common-controls_6595b64144ccf1df_6.0.16299.371_none_15c7d1789365a290\COMCTL32.dll
0x00007ff9027d0000 - 0x00007ff902ad8000 	C:\WINDOWS\System32\combase.dll
0x00007ff9015d0000 - 0x00007ff901642000 	C:\WINDOWS\System32\bcryptPrimitives.dll
0x00007ff903910000 - 0x00007ff90393d000 	C:\WINDOWS\System32\IMM32.DLL
0x0000000073480000 - 0x0000000073552000 	E:\jdk1.8.0_141\jre\bin\msvcr100.dll
0x0000000072be0000 - 0x000000007347d000 	E:\jdk1.8.0_141\jre\bin\server\jvm.dll
0x00007ff9038a0000 - 0x00007ff9038a8000 	C:\WINDOWS\System32\PSAPI.DLL
0x00007ff8f2cc0000 - 0x00007ff8f2cc9000 	C:\WINDOWS\SYSTEM32\WSOCK32.dll
0x00007ff9026a0000 - 0x00007ff90270c000 	C:\WINDOWS\System32\WS2_32.dll
0x00007ff8ff7d0000 - 0x00007ff8ff7f3000 	C:\WINDOWS\SYSTEM32\WINMM.dll
0x00007ff8f8940000 - 0x00007ff8f894a000 	C:\WINDOWS\SYSTEM32\VERSION.dll
0x00007ff8ff770000 - 0x00007ff8ff79a000 	C:\WINDOWS\SYSTEM32\WINMMBASE.dll
0x00007ff901650000 - 0x00007ff90169a000 	C:\WINDOWS\System32\cfgmgr32.dll
0x0000000072bd0000 - 0x0000000072bdf000 	E:\jdk1.8.0_141\jre\bin\verify.dll
0x0000000072ba0000 - 0x0000000072bc9000 	E:\jdk1.8.0_141\jre\bin\java.dll
0x0000000071b30000 - 0x0000000071b53000 	E:\jdk1.8.0_141\jre\bin\instrument.dll
0x0000000072b80000 - 0x0000000072b96000 	E:\jdk1.8.0_141\jre\bin\zip.dll

VM Arguments:
jvm_args: -ea -Didea.test.cyclic.buffer.size=1048576 -javaagent:E:\IntelliJ IDEA 2017.2\lib\idea_rt.jar=52663:E:\IntelliJ IDEA 2017.2\bin -Dfile.encoding=UTF-8 
java_command: com.intellij.rt.execution.junit.JUnitStarter -ideVersion5 -junit4 com.nnww.test.demo,test37
java_class_path (initial): E:\IntelliJ IDEA 2017.2\lib\idea_rt.jar;E:\IntelliJ IDEA 2017.2\plugins\junit\lib\junit-rt.jar;E:\IntelliJ IDEA 2017.2\plugins\junit\lib\junit5-rt.jar;E:\jdk1.8.0_141\jre\lib\charsets.jar;E:\jdk1.8.0_141\jre\lib\deploy.jar;E:\jdk1.8.0_141\jre\lib\ext\access-bridge-64.jar;E:\jdk1.8.0_141\jre\lib\ext\cldrdata.jar;E:\jdk1.8.0_141\jre\lib\ext\dnsns.jar;E:\jdk1.8.0_141\jre\lib\ext\jaccess.jar;E:\jdk1.8.0_141\jre\lib\ext\jfxrt.jar;E:\jdk1.8.0_141\jre\lib\ext\localedata.jar;E:\jdk1.8.0_141\jre\lib\ext\nashorn.jar;E:\jdk1.8.0_141\jre\lib\ext\sunec.jar;E:\jdk1.8.0_141\jre\lib\ext\sunjce_provider.jar;E:\jdk1.8.0_141\jre\lib\ext\sunmscapi.jar;E:\jdk1.8.0_141\jre\lib\ext\sunpkcs11.jar;E:\jdk1.8.0_141\jre\lib\ext\zipfs.jar;E:\jdk1.8.0_141\jre\lib\javaws.jar;E:\jdk1.8.0_141\jre\lib\jce.jar;E:\jdk1.8.0_141\jre\lib\jfr.jar;E:\jdk1.8.0_141\jre\lib\jfxswt.jar;E:\jdk1.8.0_141\jre\lib\jsse.jar;E:\jdk1.8.0_141\jre\lib\management-agent.jar;E:\jdk1.8.0_141\jre\lib\plugin.jar;E:\jdk1.8.0_141\jre\lib\resources.jar;E:\jdk1.8.0_141\jre\lib\rt.jar;E:\IDEAproject\project\MyTest\out\production\MyTest;E:\IDEAproject\project\MyTest\lib\tomcat7-websocket.jar;E:\IDEAproject\project\MyTest\lib\mysql-connector-java-5.1.34-bin.jar;E:\IDEAproject\project\MyTest\lib\websocket-api.jar;E:\IntelliJ IDEA 2017.2\lib\junit-4.12.jar;E:\IntelliJ IDEA 2017.2\lib\hamcrest-core-1.3.jar;E:\IntelliJ IDEA 2017.2\lib\idea_rt.jar
Launcher Type: SUN_STANDARD

Environment Variables:
JAVA_HOME=E:\jdk1.8.0_141
CLASSPATH=.;E:\jdk1.8.0_141\lib;E:\jdk1.8.0_141\lib\dt.jar;E:\jdk1.8.0_141\lib\tools.jar
PATH=C:\ProgramData\Oracle\Java\javapath;H:\oracle\product\10.2.0\db_2\bin;G:\oracle\product\10.2.0\db_1\bin;E:\jdk1.8.0_141\bin;E:\jdk1.8.0_141\bin;E:\jdk1.8.0_141\jre\bin;E:\MySQL5.5\bin;C:\Program Files\MySQL\MySQL Server 5.5\bin;H:\oracleInstanceClient\64bit\instantclient_12_1;E:\mytools\apache-maven-3.3.9-bin\apache-maven-3.3.9\bin;C:\WINDOWS/system32;C:\WINDOWS;C:\Program Files\VisualSVN Server\bin;C:\Program Files\MySQL\MySQL Utilities 1.6\;C:\WINDOWS\system32;C:\WINDOWS\System32\Wbem;C:\WINDOWS\System32\WindowsPowerShell\v1.0\;C:\Program Files (x86)\SSH Communications Security\SSH Secure Shell;F:\Fiddler;%USERPROFILE%\AppData\Local\Microsoft\WindowsApps;
USERNAME=liu
OS=Windows_NT
PROCESSOR_IDENTIFIER=Intel64 Family 6 Model 58 Stepping 9, GenuineIntel



---------------  S Y S T E M  ---------------

OS: Windows 10.0 , 64 bit Build 16299 (10.0.16299.15)

CPU:total 4 (initial active 4) (2 cores per cpu, 2 threads per core) family 6 model 58 stepping 9, cmov, cx8, fxsr, mmx, sse, sse2, sse3, ssse3, sse4.1, sse4.2, popcnt, avx, aes, clmul, erms, ht, tsc, tscinvbit, tscinv

Memory: 4k page, physical 8288616k(1593608k free), swap 8288616k(5792k free)

vm_info: Java HotSpot(TM) 64-Bit Server VM (25.141-b15) for windows-amd64 JRE (1.8.0_141-b15), built on Jul 12 2017 04:25:12 by "java_re" with MS VC++ 10.0 (VS2010)

time: Thu May 10 11:22:44 2018
elapsed time: 0 seconds (0d 0h 0m 0s)

